<?xml version="1.0" encoding="UTF-8"?>
<!-- Generated by org.testng.reporters.JUnitReportReporter -->
<testsuite skipped="0" hostname="kilvidiacademy" name="RestApi.APITest.RegistrationSuccessResponse" tests="1" failures="0" timestamp="19 Mar 2019 22:39:12 GMT" time="1.361" errors="0">
  <testcase name="RegistrationSuccessful" time="1.361" classname="RestApi.APITest.RegistrationSuccessResponse"/>
</testsuite> <!-- RestApi.APITest.RegistrationSuccessResponse -->
